<?xml version="1.0" encoding="UTF-8"?>
<coverage generated="1564151605683" clover="3.2.0">
  <project timestamp="1564151605683" name="All files">
    <metrics statements="150" coveredstatements="115" conditionals="66" coveredconditionals="45" methods="45" coveredmethods="19" elements="261" coveredelements="179" complexity="0" loc="150" ncloc="150" packages="9" files="18" classes="18">
      <package name="Components.Buttons">
        <metrics statements="8" coveredstatements="8" conditionals="0" coveredconditionals="0" methods="1" coveredmethods="1"/>
        <file name="SubmitBTN.js" path="/Users/alexander/TABia/news_app/app/Components/Buttons/SubmitBTN.js">
          <metrics statements="5" coveredstatements="5" conditionals="0" coveredconditionals="0" methods="1" coveredmethods="1"/>
          <line num="1" count="3" type="stmt"/>
          <line num="2" count="3" type="stmt"/>
          <line num="4" count="3" type="stmt"/>
          <line num="6" count="8" type="stmt"/>
          <line num="20" count="3" type="stmt"/>
        </file>
        <file name="styles.js" path="/Users/alexander/TABia/news_app/app/Components/Buttons/styles.js">
          <metrics statements="3" coveredstatements="3" conditionals="0" coveredconditionals="0" methods="0" coveredmethods="0"/>
          <line num="1" count="3" type="stmt"/>
          <line num="3" count="3" type="stmt"/>
          <line num="20" count="3" type="stmt"/>
        </file>
      </package>
      <package name="Components.CheckBox">
        <metrics statements="11" coveredstatements="11" conditionals="2" coveredconditionals="2" methods="3" coveredmethods="3"/>
        <file name="CheckBox.js" path="/Users/alexander/TABia/news_app/app/Components/CheckBox/CheckBox.js">
          <metrics statements="11" coveredstatements="11" conditionals="2" coveredconditionals="2" methods="3" coveredmethods="3"/>
          <line num="1" count="1" type="stmt"/>
          <line num="2" count="1" type="stmt"/>
          <line num="4" count="1" type="stmt"/>
          <line num="5" count="3" type="stmt"/>
          <line num="6" count="3" type="stmt"/>
          <line num="7" count="3" type="stmt"/>
          <line num="9" count="1" type="stmt"/>
          <line num="12" count="3" type="stmt"/>
          <line num="13" count="3" type="stmt"/>
          <line num="14" count="3" type="stmt"/>
          <line num="30" count="1" type="stmt"/>
        </file>
      </package>
      <package name="Components.NewsItem">
        <metrics statements="13" coveredstatements="13" conditionals="2" coveredconditionals="2" methods="3" coveredmethods="3"/>
        <file name="NewsItem.js" path="/Users/alexander/TABia/news_app/app/Components/NewsItem/NewsItem.js">
          <metrics statements="10" coveredstatements="10" conditionals="2" coveredconditionals="2" methods="3" coveredmethods="3"/>
          <line num="1" count="1" type="stmt"/>
          <line num="2" count="1" type="stmt"/>
          <line num="3" count="1" type="stmt"/>
          <line num="5" count="1" type="stmt"/>
          <line num="6" count="2" type="stmt"/>
          <line num="7" count="2" type="stmt"/>
          <line num="8" count="2" type="stmt"/>
          <line num="9" count="1" type="stmt"/>
          <line num="12" count="2" type="stmt"/>
          <line num="28" count="1" type="stmt"/>
        </file>
        <file name="styles.js" path="/Users/alexander/TABia/news_app/app/Components/NewsItem/styles.js">
          <metrics statements="3" coveredstatements="3" conditionals="0" coveredconditionals="0" methods="0" coveredmethods="0"/>
          <line num="1" count="1" type="stmt"/>
          <line num="3" count="1" type="stmt"/>
          <line num="28" count="1" type="stmt"/>
        </file>
      </package>
      <package name="Screens.DetailedArticleSCR">
        <metrics statements="19" coveredstatements="17" conditionals="2" coveredconditionals="1" methods="5" coveredmethods="3"/>
        <file name="DetailedArticleSCR.js" path="/Users/alexander/TABia/news_app/app/Screens/DetailedArticleSCR/DetailedArticleSCR.js">
          <metrics statements="16" coveredstatements="14" conditionals="2" coveredconditionals="1" methods="5" coveredmethods="3"/>
          <line num="1" count="1" type="stmt"/>
          <line num="2" count="1" type="stmt"/>
          <line num="3" count="1" type="stmt"/>
          <line num="5" count="1" type="stmt"/>
          <line num="7" count="1" type="stmt"/>
          <line num="9" count="1" type="stmt"/>
          <line num="10" count="2" type="stmt"/>
          <line num="11" count="2" type="stmt"/>
          <line num="12" count="2" type="stmt"/>
          <line num="14" count="1" type="stmt"/>
          <line num="16" count="2" type="stmt"/>
          <line num="17" count="2" type="stmt"/>
          <line num="18" count="2" type="stmt"/>
          <line num="38" count="0" type="stmt"/>
          <line num="41" count="0" type="stmt"/>
          <line num="47" count="1" type="stmt"/>
        </file>
        <file name="styles.js" path="/Users/alexander/TABia/news_app/app/Screens/DetailedArticleSCR/styles.js">
          <metrics statements="3" coveredstatements="3" conditionals="0" coveredconditionals="0" methods="0" coveredmethods="0"/>
          <line num="1" count="1" type="stmt"/>
          <line num="3" count="1" type="stmt"/>
          <line num="33" count="1" type="stmt"/>
        </file>
      </package>
      <package name="Screens.WelcomeSCR">
        <metrics statements="21" coveredstatements="19" conditionals="0" coveredconditionals="0" methods="6" coveredmethods="4"/>
        <file name="WelcomeSCR.js" path="/Users/alexander/TABia/news_app/app/Screens/WelcomeSCR/WelcomeSCR.js">
          <metrics statements="18" coveredstatements="16" conditionals="0" coveredconditionals="0" methods="6" coveredmethods="4"/>
          <line num="1" count="1" type="stmt"/>
          <line num="2" count="1" type="stmt"/>
          <line num="4" count="1" type="stmt"/>
          <line num="6" count="1" type="stmt"/>
          <line num="8" count="1" type="stmt"/>
          <line num="10" count="1" type="stmt"/>
          <line num="11" count="3" type="stmt"/>
          <line num="12" count="3" type="stmt"/>
          <line num="13" count="3" type="stmt"/>
          <line num="14" count="3" type="stmt"/>
          <line num="16" count="1" type="stmt"/>
          <line num="21" count="3" type="stmt"/>
          <line num="22" count="3" type="stmt"/>
          <line num="27" count="0" type="stmt"/>
          <line num="89" count="3" type="stmt"/>
          <line num="90" count="3" type="stmt"/>
          <line num="95" count="0" type="stmt"/>
          <line num="98" count="1" type="stmt"/>
        </file>
        <file name="styles.js" path="/Users/alexander/TABia/news_app/app/Screens/WelcomeSCR/styles.js">
          <metrics statements="3" coveredstatements="3" conditionals="0" coveredconditionals="0" methods="0" coveredmethods="0"/>
          <line num="1" count="1" type="stmt"/>
          <line num="3" count="1" type="stmt"/>
          <line num="20" count="1" type="stmt"/>
        </file>
      </package>
      <package name="assets">
        <metrics statements="2" coveredstatements="2" conditionals="0" coveredconditionals="0" methods="0" coveredmethods="0"/>
        <file name="checked.png" path="/Users/alexander/TABia/news_app/app/assets/checked.png">
          <metrics statements="1" coveredstatements="1" conditionals="0" coveredconditionals="0" methods="0" coveredmethods="0"/>
          <line num="1" count="1" type="stmt"/>
        </file>
        <file name="unchecked.png" path="/Users/alexander/TABia/news_app/app/assets/unchecked.png">
          <metrics statements="1" coveredstatements="1" conditionals="0" coveredconditionals="0" methods="0" coveredmethods="0"/>
          <line num="1" count="1" type="stmt"/>
        </file>
      </package>
      <package name="config">
        <metrics statements="3" coveredstatements="3" conditionals="0" coveredconditionals="0" methods="0" coveredmethods="0"/>
        <file name="settings.js" path="/Users/alexander/TABia/news_app/app/config/settings.js">
          <metrics statements="3" coveredstatements="3" conditionals="0" coveredconditionals="0" methods="0" coveredmethods="0"/>
          <line num="1" count="2" type="stmt"/>
          <line num="2" count="2" type="stmt"/>
          <line num="3" count="2" type="stmt"/>
        </file>
      </package>
      <package name="store.reducers">
        <metrics statements="34" coveredstatements="25" conditionals="32" coveredconditionals="25" methods="11" coveredmethods="3"/>
        <file name="activeArticle.js" path="/Users/alexander/TABia/news_app/app/store/reducers/activeArticle.js">
          <metrics statements="7" coveredstatements="6" conditionals="9" coveredconditionals="7" methods="2" coveredmethods="1"/>
          <line num="1" count="1" type="stmt"/>
          <line num="2" count="0" type="stmt"/>
          <line num="8" count="3" type="cond" truecount="4" falsecount="2"/>
          <line num="9" count="3" type="cond" truecount="3" falsecount="0"/>
          <line num="11" count="1" type="stmt"/>
          <line num="14" count="1" type="stmt"/>
          <line num="16" count="1" type="stmt"/>
        </file>
        <file name="freshNewsArr.js" path="/Users/alexander/TABia/news_app/app/store/reducers/freshNewsArr.js">
          <metrics statements="13" coveredstatements="9" conditionals="11" coveredconditionals="9" methods="5" coveredmethods="1"/>
          <line num="1" count="1" type="stmt"/>
          <line num="2" count="0" type="stmt"/>
          <line num="8" count="0" type="stmt"/>
          <line num="13" count="0" type="stmt"/>
          <line num="18" count="0" type="stmt"/>
          <line num="24" count="5" type="cond" truecount="4" falsecount="2"/>
          <line num="25" count="5" type="cond" truecount="5" falsecount="0"/>
          <line num="27" count="1" type="stmt"/>
          <line num="30" count="1" type="stmt"/>
          <line num="33" count="1" type="stmt"/>
          <line num="35" count="1" type="stmt"/>
          <line num="37" count="1" type="stmt"/>
          <line num="39" count="1" type="stmt"/>
        </file>
        <file name="newsArr.js" path="/Users/alexander/TABia/news_app/app/store/reducers/newsArr.js">
          <metrics statements="14" coveredstatements="10" conditionals="12" coveredconditionals="9" methods="4" coveredmethods="1"/>
          <line num="1" count="2" type="stmt"/>
          <line num="2" count="0" type="stmt"/>
          <line num="8" count="0" type="stmt"/>
          <line num="14" count="0" type="stmt"/>
          <line num="20" count="2" type="stmt"/>
          <line num="22" count="7" type="cond" truecount="4" falsecount="2"/>
          <line num="23" count="7" type="cond" truecount="4" falsecount="0"/>
          <line num="28" count="1" type="stmt"/>
          <line num="31" count="1" type="stmt"/>
          <line num="32" count="1" type="cond" truecount="1" falsecount="1"/>
          <line num="33" count="0" type="stmt"/>
          <line num="35" count="1" type="stmt"/>
          <line num="40" count="1" type="stmt"/>
          <line num="42" count="4" type="stmt"/>
        </file>
      </package>
      <package name="store.sagas">
        <metrics statements="39" coveredstatements="17" conditionals="28" coveredconditionals="15" methods="16" coveredmethods="2"/>
        <file name="api.js" path="/Users/alexander/TABia/news_app/app/store/sagas/api.js">
          <metrics statements="4" coveredstatements="1" conditionals="0" coveredconditionals="0" methods="2" coveredmethods="0"/>
          <line num="1" count="1" type="stmt"/>
          <line num="4" count="0" type="stmt"/>
          <line num="6" count="0" type="stmt"/>
          <line num="8" count="0" type="stmt"/>
        </file>
        <file name="fetchNews.js" path="/Users/alexander/TABia/news_app/app/store/sagas/fetchNews.js">
          <metrics statements="15" coveredstatements="15" conditionals="15" coveredconditionals="15" methods="4" coveredmethods="2"/>
          <line num="1" count="1" type="stmt"/>
          <line num="2" count="1" type="stmt"/>
          <line num="3" count="1" type="stmt"/>
          <line num="5" count="18" type="cond" truecount="13" falsecount="0"/>
          <line num="7" count="2" type="stmt"/>
          <line num="8" count="2" type="stmt"/>
          <line num="9" count="2" type="stmt"/>
          <line num="10" count="2" type="cond" truecount="2" falsecount="0"/>
          <line num="11" count="1" type="stmt"/>
          <line num="12" count="1" type="stmt"/>
          <line num="14" count="1" type="stmt"/>
          <line num="18" count="1" type="stmt"/>
          <line num="19" count="1" type="stmt"/>
          <line num="22" count="1" type="stmt"/>
          <line num="26" count="2" type="stmt"/>
        </file>
        <file name="functions.js" path="/Users/alexander/TABia/news_app/app/store/sagas/functions.js">
          <metrics statements="20" coveredstatements="1" conditionals="13" coveredconditionals="0" methods="10" coveredmethods="0"/>
          <line num="1" count="1" type="stmt"/>
          <line num="19" count="0" type="cond" truecount="0" falsecount="7"/>
          <line num="20" count="0" type="stmt"/>
          <line num="21" count="0" type="stmt"/>
          <line num="22" count="0" type="stmt"/>
          <line num="23" count="0" type="cond" truecount="0" falsecount="2"/>
          <line num="24" count="0" type="stmt"/>
          <line num="25" count="0" type="stmt"/>
          <line num="27" count="0" type="stmt"/>
          <line num="29" count="0" type="cond" truecount="0" falsecount="2"/>
          <line num="30" count="0" type="stmt"/>
          <line num="31" count="0" type="stmt"/>
          <line num="34" count="0" type="stmt"/>
          <line num="35" count="0" type="stmt"/>
          <line num="36" count="0" type="stmt"/>
          <line num="41" count="0" type="stmt"/>
          <line num="42" count="0" type="stmt"/>
          <line num="43" count="0" type="stmt"/>
          <line num="44" count="0" type="cond" truecount="0" falsecount="2"/>
          <line num="46" count="0" type="stmt"/>
        </file>
      </package>
    </metrics>
  </project>
</coverage>
