{"/Users/alexander/TABia/news_app/app/Components/Buttons/SubmitBTN.js": {"path":"/Users/alexander/TABia/news_app/app/Components/Buttons/SubmitBTN.js","statementMap":{"0":{"start":{"line":1,"column":43},"end":{"line":1,"column":99}},"1":{"start":{"line":1,"column":129},"end":{"line":1,"column":184}},"2":{"start":{"line":1,"column":185},"end":{"line":1,"column":247}},"3":{"start":{"line":1,"column":247},"end":{"line":1,"column":272}},"4":{"start":{"line":1,"column":285},"end":{"line":1,"column":326}},"5":{"start":{"line":2,"column":19},"end":{"line":2,"column":42}},"6":{"start":{"line":4,"column":14},"end":{"line":4,"column":57}},"7":{"start":{"line":4,"column":77},"end":{"line":4,"column":146}},"8":{"start":{"line":6,"column":16},"end":{"line":15,"column":152}},"9":{"start":{"line":6,"column":51},"end":{"line":15,"column":151}},"10":{"start":{"line":20,"column":0},"end":{"line":20,"column":9}},"11":{"start":{"line":20,"column":10},"end":{"line":20,"column":37}}},"fnMap":{"0":{"name":"SubmitBTN","decl":{"start":{"line":6,"column":25},"end":{"line":6,"column":34}},"loc":{"start":{"line":6,"column":50},"end":{"line":15,"column":152}},"line":6}},"branchMap":{},"s":{"0":2,"1":2,"2":2,"3":2,"4":2,"5":2,"6":2,"7":2,"8":2,"9":5,"10":2,"11":2},"f":{"0":5},"b":{},"_coverageSchema":"332fd63041d2c1bcb487cc26dd0d5f7d97098a6c","hash":"fb3573108c1489a231c8bc02a7e6d84dee50d84c"}
,"/Users/alexander/TABia/news_app/app/Components/Buttons/styles.js": {"path":"/Users/alexander/TABia/news_app/app/Components/Buttons/styles.js","statementMap":{"0":{"start":{"line":1,"column":42},"end":{"line":1,"column":97}},"1":{"start":{"line":1,"column":98},"end":{"line":1,"column":160}},"2":{"start":{"line":1,"column":160},"end":{"line":1,"column":185}},"3":{"start":{"line":1,"column":222},"end":{"line":1,"column":289}},"4":{"start":{"line":3,"column":13},"end":{"line":16,"column":28}},"5":{"start":{"line":20,"column":0},"end":{"line":20,"column":6}},"6":{"start":{"line":20,"column":7},"end":{"line":20,"column":34}}},"fnMap":{},"branchMap":{},"s":{"0":2,"1":2,"2":2,"3":2,"4":2,"5":2,"6":2},"f":{},"b":{},"_coverageSchema":"332fd63041d2c1bcb487cc26dd0d5f7d97098a6c","hash":"92cc1d3007072b59a65ea854c1bdc0029774b46a"}
,"/Users/alexander/TABia/news_app/app/Components/CheckBox/CheckBox.js": {"path":"/Users/alexander/TABia/news_app/app/Components/CheckBox/CheckBox.js","statementMap":{"0":{"start":{"line":1,"column":42},"end":{"line":1,"column":97}},"1":{"start":{"line":1,"column":128},"end":{"line":1,"column":184}},"2":{"start":{"line":1,"column":185},"end":{"line":1,"column":247}},"3":{"start":{"line":1,"column":247},"end":{"line":1,"column":272}},"4":{"start":{"line":1,"column":295},"end":{"line":1,"column":367}},"5":{"start":{"line":1,"column":388},"end":{"line":1,"column":457}},"6":{"start":{"line":1,"column":492},"end":{"line":1,"column":575}},"7":{"start":{"line":1,"column":599},"end":{"line":1,"column":671}},"8":{"start":{"line":1,"column":689},"end":{"line":1,"column":755}},"9":{"start":{"line":1,"column":769},"end":{"line":1,"column":810}},"10":{"start":{"line":2,"column":19},"end":{"line":2,"column":42}},"11":{"start":{"line":2,"column":62},"end":{"line":2,"column":131}},"12":{"start":{"line":4,"column":11},"end":{"line":30,"column":49}},"13":{"start":{"line":4,"column":38},"end":{"line":4,"column":88}},"14":{"start":{"line":5,"column":38},"end":{"line":5,"column":84}},"15":{"start":{"line":6,"column":4},"end":{"line":6,"column":118}},"16":{"start":{"line":7,"column":4},"end":{"line":7,"column":21}},"17":{"start":{"line":7,"column":21},"end":{"line":7,"column":34}},"18":{"start":{"line":9,"column":3},"end":{"line":30,"column":10}},"19":{"start":{"line":12,"column":24},"end":{"line":12,"column":209}},"20":{"start":{"line":13,"column":26},"end":{"line":13,"column":213}},"21":{"start":{"line":14,"column":6},"end":{"line":25,"column":135}},"22":{"start":{"line":30,"column":10},"end":{"line":30,"column":26}},"23":{"start":{"line":30,"column":50},"end":{"line":30,"column":77}}},"fnMap":{"0":{"name":"(anonymous_0)","decl":{"start":{"line":4,"column":11},"end":{"line":4,"column":12}},"loc":{"start":{"line":4,"column":37},"end":{"line":30,"column":27}},"line":4},"1":{"name":"CheckBox","decl":{"start":{"line":5,"column":11},"end":{"line":5,"column":19}},"loc":{"start":{"line":5,"column":27},"end":{"line":9,"column":3}},"line":5},"2":{"name":"render","decl":{"start":{"line":9,"column":74},"end":{"line":9,"column":80}},"loc":{"start":{"line":11,"column":4},"end":{"line":30,"column":5}},"line":11}},"branchMap":{"0":{"loc":{"start":{"line":22,"column":8},"end":{"line":22,"column":56}},"type":"cond-expr","locations":[{"start":{"line":22,"column":29},"end":{"line":22,"column":40}},{"start":{"line":22,"column":43},"end":{"line":22,"column":56}}],"line":22}},"s":{"0":1,"1":1,"2":1,"3":1,"4":1,"5":1,"6":1,"7":1,"8":1,"9":1,"10":1,"11":1,"12":1,"13":1,"14":3,"15":3,"16":3,"17":3,"18":1,"19":3,"20":3,"21":3,"22":1,"23":1},"f":{"0":1,"1":3,"2":3},"b":{"0":[1,2]},"_coverageSchema":"332fd63041d2c1bcb487cc26dd0d5f7d97098a6c","hash":"a122072cfc3e99f3fac010f6a053007f16ef8cca"}
,"/Users/alexander/TABia/news_app/app/Components/NewsItem/NewsItem.js": {"path":"/Users/alexander/TABia/news_app/app/Components/NewsItem/NewsItem.js","statementMap":{"0":{"start":{"line":1,"column":42},"end":{"line":1,"column":97}},"1":{"start":{"line":1,"column":128},"end":{"line":1,"column":184}},"2":{"start":{"line":1,"column":185},"end":{"line":1,"column":247}},"3":{"start":{"line":1,"column":247},"end":{"line":1,"column":272}},"4":{"start":{"line":1,"column":295},"end":{"line":1,"column":367}},"5":{"start":{"line":1,"column":388},"end":{"line":1,"column":457}},"6":{"start":{"line":1,"column":492},"end":{"line":1,"column":575}},"7":{"start":{"line":1,"column":599},"end":{"line":1,"column":671}},"8":{"start":{"line":1,"column":689},"end":{"line":1,"column":755}},"9":{"start":{"line":1,"column":769},"end":{"line":1,"column":810}},"10":{"start":{"line":2,"column":19},"end":{"line":2,"column":42}},"11":{"start":{"line":3,"column":14},"end":{"line":3,"column":57}},"12":{"start":{"line":3,"column":77},"end":{"line":3,"column":146}},"13":{"start":{"line":5,"column":11},"end":{"line":28,"column":49}},"14":{"start":{"line":5,"column":38},"end":{"line":5,"column":88}},"15":{"start":{"line":6,"column":38},"end":{"line":6,"column":84}},"16":{"start":{"line":7,"column":4},"end":{"line":7,"column":118}},"17":{"start":{"line":8,"column":4},"end":{"line":8,"column":21}},"18":{"start":{"line":8,"column":21},"end":{"line":8,"column":34}},"19":{"start":{"line":9,"column":3},"end":{"line":28,"column":10}},"20":{"start":{"line":12,"column":6},"end":{"line":23,"column":28}},"21":{"start":{"line":28,"column":10},"end":{"line":28,"column":26}},"22":{"start":{"line":28,"column":50},"end":{"line":28,"column":77}}},"fnMap":{"0":{"name":"(anonymous_0)","decl":{"start":{"line":5,"column":11},"end":{"line":5,"column":12}},"loc":{"start":{"line":5,"column":37},"end":{"line":28,"column":27}},"line":5},"1":{"name":"NewsItem","decl":{"start":{"line":6,"column":11},"end":{"line":6,"column":19}},"loc":{"start":{"line":6,"column":27},"end":{"line":9,"column":3}},"line":6},"2":{"name":"render","decl":{"start":{"line":9,"column":74},"end":{"line":9,"column":80}},"loc":{"start":{"line":11,"column":4},"end":{"line":28,"column":5}},"line":11}},"branchMap":{"0":{"loc":{"start":{"line":13,"column":77},"end":{"line":13,"column":175}},"type":"cond-expr","locations":[{"start":{"line":13,"column":96},"end":{"line":13,"column":147}},{"start":{"line":13,"column":150},"end":{"line":13,"column":175}}],"line":13}},"s":{"0":1,"1":1,"2":1,"3":1,"4":1,"5":1,"6":1,"7":1,"8":1,"9":1,"10":1,"11":1,"12":1,"13":1,"14":1,"15":2,"16":2,"17":2,"18":2,"19":1,"20":2,"21":1,"22":1},"f":{"0":1,"1":2,"2":2},"b":{"0":[1,1]},"_coverageSchema":"332fd63041d2c1bcb487cc26dd0d5f7d97098a6c","hash":"ef945e50092d57081603b5af7466ed1857099c08"}
,"/Users/alexander/TABia/news_app/app/Components/NewsItem/styles.js": {"path":"/Users/alexander/TABia/news_app/app/Components/NewsItem/styles.js","statementMap":{"0":{"start":{"line":1,"column":42},"end":{"line":1,"column":97}},"1":{"start":{"line":1,"column":98},"end":{"line":1,"column":160}},"2":{"start":{"line":1,"column":160},"end":{"line":1,"column":185}},"3":{"start":{"line":1,"column":222},"end":{"line":1,"column":289}},"4":{"start":{"line":3,"column":13},"end":{"line":24,"column":46}},"5":{"start":{"line":28,"column":0},"end":{"line":28,"column":6}},"6":{"start":{"line":28,"column":7},"end":{"line":28,"column":34}}},"fnMap":{},"branchMap":{},"s":{"0":1,"1":1,"2":1,"3":1,"4":1,"5":1,"6":1},"f":{},"b":{},"_coverageSchema":"332fd63041d2c1bcb487cc26dd0d5f7d97098a6c","hash":"99501f2240c2f03bb6a34f24065204051232b0b7"}
,"/Users/alexander/TABia/news_app/app/Screens/DetailedArticleSCR/DetailedArticleSCR.js": {"path":"/Users/alexander/TABia/news_app/app/Screens/DetailedArticleSCR/DetailedArticleSCR.js","statementMap":{"0":{"start":{"line":1,"column":42},"end":{"line":1,"column":97}},"1":{"start":{"line":1,"column":128},"end":{"line":1,"column":184}},"2":{"start":{"line":1,"column":185},"end":{"line":1,"column":247}},"3":{"start":{"line":1,"column":247},"end":{"line":1,"column":272}},"4":{"start":{"line":1,"column":295},"end":{"line":1,"column":367}},"5":{"start":{"line":1,"column":388},"end":{"line":1,"column":457}},"6":{"start":{"line":1,"column":492},"end":{"line":1,"column":575}},"7":{"start":{"line":1,"column":599},"end":{"line":1,"column":671}},"8":{"start":{"line":1,"column":689},"end":{"line":1,"column":755}},"9":{"start":{"line":1,"column":769},"end":{"line":1,"column":810}},"10":{"start":{"line":2,"column":19},"end":{"line":2,"column":42}},"11":{"start":{"line":3,"column":42},"end":{"line":3,"column":92}},"12":{"start":{"line":5,"column":14},"end":{"line":5,"column":57}},"13":{"start":{"line":7,"column":17},"end":{"line":7,"column":86}},"14":{"start":{"line":7,"column":106},"end":{"line":7,"column":192}},"15":{"start":{"line":9,"column":21},"end":{"line":47,"column":59}},"16":{"start":{"line":9,"column":48},"end":{"line":9,"column":108}},"17":{"start":{"line":10,"column":48},"end":{"line":10,"column":104}},"18":{"start":{"line":11,"column":4},"end":{"line":11,"column":128}},"19":{"start":{"line":12,"column":4},"end":{"line":12,"column":21}},"20":{"start":{"line":12,"column":21},"end":{"line":12,"column":34}},"21":{"start":{"line":14,"column":3},"end":{"line":47,"column":10}},"22":{"start":{"line":16,"column":18},"end":{"line":16,"column":22}},"23":{"start":{"line":17,"column":22},"end":{"line":17,"column":46}},"24":{"start":{"line":18,"column":6},"end":{"line":42,"column":52}},"25":{"start":{"line":38,"column":75},"end":{"line":39,"column":61}},"26":{"start":{"line":41,"column":69},"end":{"line":42,"column":46}},"27":{"start":{"line":47,"column":10},"end":{"line":47,"column":36}},"28":{"start":{"line":47,"column":60},"end":{"line":47,"column":97}}},"fnMap":{"0":{"name":"(anonymous_0)","decl":{"start":{"line":9,"column":21},"end":{"line":9,"column":22}},"loc":{"start":{"line":9,"column":47},"end":{"line":47,"column":37}},"line":9},"1":{"name":"DetailedArticleSCR","decl":{"start":{"line":10,"column":11},"end":{"line":10,"column":29}},"loc":{"start":{"line":10,"column":37},"end":{"line":14,"column":3}},"line":10},"2":{"name":"render","decl":{"start":{"line":14,"column":84},"end":{"line":14,"column":90}},"loc":{"start":{"line":16,"column":4},"end":{"line":47,"column":5}},"line":16},"3":{"name":"(anonymous_3)","decl":{"start":{"line":38,"column":62},"end":{"line":38,"column":63}},"loc":{"start":{"line":38,"column":74},"end":{"line":39,"column":62}},"line":38},"4":{"name":"(anonymous_4)","decl":{"start":{"line":41,"column":56},"end":{"line":41,"column":57}},"loc":{"start":{"line":41,"column":68},"end":{"line":42,"column":47}},"line":41}},"branchMap":{"0":{"loc":{"start":{"line":33,"column":188},"end":{"line":33,"column":243}},"type":"cond-expr","locations":[{"start":{"line":33,"column":211},"end":{"line":33,"column":231}},{"start":{"line":33,"column":234},"end":{"line":33,"column":243}}],"line":33}},"s":{"0":1,"1":1,"2":1,"3":1,"4":1,"5":1,"6":1,"7":1,"8":1,"9":1,"10":1,"11":1,"12":1,"13":1,"14":1,"15":1,"16":1,"17":2,"18":2,"19":2,"20":2,"21":1,"22":2,"23":2,"24":2,"25":0,"26":0,"27":1,"28":1},"f":{"0":1,"1":2,"2":2,"3":0,"4":0},"b":{"0":[2,0]},"_coverageSchema":"332fd63041d2c1bcb487cc26dd0d5f7d97098a6c","hash":"ccc0b584ff6d99e8eafd07c4818f625cdc3e8b19"}
,"/Users/alexander/TABia/news_app/app/Screens/DetailedArticleSCR/styles.js": {"path":"/Users/alexander/TABia/news_app/app/Screens/DetailedArticleSCR/styles.js","statementMap":{"0":{"start":{"line":1,"column":42},"end":{"line":1,"column":97}},"1":{"start":{"line":1,"column":98},"end":{"line":1,"column":160}},"2":{"start":{"line":1,"column":160},"end":{"line":1,"column":185}},"3":{"start":{"line":1,"column":222},"end":{"line":1,"column":289}},"4":{"start":{"line":3,"column":13},"end":{"line":29,"column":25}},"5":{"start":{"line":33,"column":0},"end":{"line":33,"column":6}},"6":{"start":{"line":33,"column":7},"end":{"line":33,"column":34}}},"fnMap":{},"branchMap":{},"s":{"0":1,"1":1,"2":1,"3":1,"4":1,"5":1,"6":1},"f":{},"b":{},"_coverageSchema":"332fd63041d2c1bcb487cc26dd0d5f7d97098a6c","hash":"b1628628a60b24a5736614669f222929baa31bc0"}
,"/Users/alexander/TABia/news_app/app/assets/checked.png": {"path":"/Users/alexander/TABia/news_app/app/assets/checked.png","statementMap":{"0":{"start":{"line":1,"column":0},"end":{"line":4,"column":6}}},"fnMap":{},"branchMap":{},"s":{"0":1},"f":{},"b":{},"_coverageSchema":"332fd63041d2c1bcb487cc26dd0d5f7d97098a6c","hash":"44035b16ef8adea190822e2806aedd8098e822dd"}
,"/Users/alexander/TABia/news_app/app/assets/unchecked.png": {"path":"/Users/alexander/TABia/news_app/app/assets/unchecked.png","statementMap":{"0":{"start":{"line":1,"column":0},"end":{"line":4,"column":6}}},"fnMap":{},"branchMap":{},"s":{"0":1},"f":{},"b":{},"_coverageSchema":"332fd63041d2c1bcb487cc26dd0d5f7d97098a6c","hash":"85ea4d8837f95aabf062e115da8d16b561e1bf84"}
,"/Users/alexander/TABia/news_app/app/store/reducers/activeArticle.js": {"path":"/Users/alexander/TABia/news_app/app/store/reducers/activeArticle.js","statementMap":{"0":{"start":{"line":1,"column":13},"end":{"line":1,"column":75}},"1":{"start":{"line":1,"column":75},"end":{"line":1,"column":107}},"2":{"start":{"line":1,"column":107},"end":{"line":1,"column":139}},"3":{"start":{"line":2,"column":2},"end":{"line":4,"column":17}},"4":{"start":{"line":8,"column":38},"end":{"line":8,"column":110}},"5":{"start":{"line":8,"column":124},"end":{"line":8,"column":171}},"6":{"start":{"line":9,"column":2},"end":{"line":16,"column":20}},"7":{"start":{"line":11,"column":8},"end":{"line":11,"column":27}},"8":{"start":{"line":14,"column":6},"end":{"line":14,"column":19}},"9":{"start":{"line":16,"column":6},"end":{"line":16,"column":19}}},"fnMap":{"0":{"name":"setArticle","decl":{"start":{"line":1,"column":148},"end":{"line":1,"column":158}},"loc":{"start":{"line":1,"column":165},"end":{"line":6,"column":1}},"line":1},"1":{"name":"activeArticle","decl":{"start":{"line":8,"column":9},"end":{"line":8,"column":22}},"loc":{"start":{"line":8,"column":25},"end":{"line":18,"column":1}},"line":8}},"branchMap":{"0":{"loc":{"start":{"line":8,"column":38},"end":{"line":8,"column":110}},"type":"cond-expr","locations":[{"start":{"line":8,"column":91},"end":{"line":8,"column":103}},{"start":{"line":8,"column":106},"end":{"line":8,"column":110}}],"line":8},"1":{"loc":{"start":{"line":8,"column":38},"end":{"line":8,"column":88}},"type":"binary-expr","locations":[{"start":{"line":8,"column":38},"end":{"line":8,"column":58}},{"start":{"line":8,"column":62},"end":{"line":8,"column":88}}],"line":8},"2":{"loc":{"start":{"line":8,"column":124},"end":{"line":8,"column":171}},"type":"cond-expr","locations":[{"start":{"line":8,"column":147},"end":{"line":8,"column":159}},{"start":{"line":8,"column":162},"end":{"line":8,"column":171}}],"line":8},"3":{"loc":{"start":{"line":9,"column":2},"end":{"line":16,"column":20}},"type":"switch","locations":[{"start":{"line":10,"column":4},"end":{"line":12,"column":7}},{"start":{"line":13,"column":4},"end":{"line":14,"column":19}},{"start":{"line":15,"column":4},"end":{"line":16,"column":19}}],"line":9}},"s":{"0":1,"1":1,"2":1,"3":0,"4":3,"5":3,"6":3,"7":1,"8":1,"9":1},"f":{"0":0,"1":3},"b":{"0":[3,0],"1":[3,3],"2":[3,0],"3":[1,1,1]},"_coverageSchema":"332fd63041d2c1bcb487cc26dd0d5f7d97098a6c","hash":"f7ee076dea9c3af67388e3189595c94728cd7eb5"}
,"/Users/alexander/TABia/news_app/app/store/reducers/freshNewsArr.js": {"path":"/Users/alexander/TABia/news_app/app/store/reducers/freshNewsArr.js","statementMap":{"0":{"start":{"line":1,"column":13},"end":{"line":1,"column":75}},"1":{"start":{"line":1,"column":75},"end":{"line":1,"column":115}},"2":{"start":{"line":1,"column":115},"end":{"line":1,"column":157}},"3":{"start":{"line":1,"column":157},"end":{"line":1,"column":197}},"4":{"start":{"line":1,"column":197},"end":{"line":1,"column":239}},"5":{"start":{"line":1,"column":239},"end":{"line":1,"column":270}},"6":{"start":{"line":2,"column":2},"end":{"line":4,"column":17}},"7":{"start":{"line":8,"column":2},"end":{"line":9,"column":39}},"8":{"start":{"line":13,"column":2},"end":{"line":14,"column":31}},"9":{"start":{"line":18,"column":2},"end":{"line":20,"column":17}},"10":{"start":{"line":24,"column":37},"end":{"line":24,"column":107}},"11":{"start":{"line":24,"column":121},"end":{"line":24,"column":168}},"12":{"start":{"line":25,"column":2},"end":{"line":39,"column":20}},"13":{"start":{"line":27,"column":23},"end":{"line":27,"column":48}},"14":{"start":{"line":30,"column":8},"end":{"line":30,"column":24}},"15":{"start":{"line":33,"column":6},"end":{"line":33,"column":19}},"16":{"start":{"line":35,"column":6},"end":{"line":35,"column":16}},"17":{"start":{"line":37,"column":6},"end":{"line":37,"column":25}},"18":{"start":{"line":39,"column":6},"end":{"line":39,"column":19}}},"fnMap":{"0":{"name":"addFreshNewsOK","decl":{"start":{"line":1,"column":279},"end":{"line":1,"column":293}},"loc":{"start":{"line":1,"column":300},"end":{"line":6,"column":1}},"line":1},"1":{"name":"addFreshNewsERR","decl":{"start":{"line":7,"column":9},"end":{"line":7,"column":24}},"loc":{"start":{"line":7,"column":27},"end":{"line":11,"column":1}},"line":7},"2":{"name":"resetFreshNews","decl":{"start":{"line":12,"column":9},"end":{"line":12,"column":23}},"loc":{"start":{"line":12,"column":26},"end":{"line":16,"column":1}},"line":12},"3":{"name":"updateFreshNews","decl":{"start":{"line":17,"column":9},"end":{"line":17,"column":24}},"loc":{"start":{"line":17,"column":31},"end":{"line":22,"column":1}},"line":17},"4":{"name":"freshNewsArr","decl":{"start":{"line":24,"column":9},"end":{"line":24,"column":21}},"loc":{"start":{"line":24,"column":24},"end":{"line":41,"column":1}},"line":24}},"branchMap":{"0":{"loc":{"start":{"line":24,"column":37},"end":{"line":24,"column":107}},"type":"cond-expr","locations":[{"start":{"line":24,"column":90},"end":{"line":24,"column":102}},{"start":{"line":24,"column":105},"end":{"line":24,"column":107}}],"line":24},"1":{"loc":{"start":{"line":24,"column":37},"end":{"line":24,"column":87}},"type":"binary-expr","locations":[{"start":{"line":24,"column":37},"end":{"line":24,"column":57}},{"start":{"line":24,"column":61},"end":{"line":24,"column":87}}],"line":24},"2":{"loc":{"start":{"line":24,"column":121},"end":{"line":24,"column":168}},"type":"cond-expr","locations":[{"start":{"line":24,"column":144},"end":{"line":24,"column":156}},{"start":{"line":24,"column":159},"end":{"line":24,"column":168}}],"line":24},"3":{"loc":{"start":{"line":25,"column":2},"end":{"line":39,"column":20}},"type":"switch","locations":[{"start":{"line":26,"column":4},"end":{"line":31,"column":7}},{"start":{"line":32,"column":4},"end":{"line":33,"column":19}},{"start":{"line":34,"column":4},"end":{"line":35,"column":16}},{"start":{"line":36,"column":4},"end":{"line":37,"column":25}},{"start":{"line":38,"column":4},"end":{"line":39,"column":19}}],"line":25}},"s":{"0":1,"1":1,"2":1,"3":1,"4":1,"5":1,"6":0,"7":0,"8":0,"9":0,"10":5,"11":5,"12":5,"13":1,"14":1,"15":1,"16":1,"17":1,"18":1},"f":{"0":0,"1":0,"2":0,"3":0,"4":5},"b":{"0":[5,0],"1":[5,5],"2":[5,0],"3":[1,1,1,1,1]},"_coverageSchema":"332fd63041d2c1bcb487cc26dd0d5f7d97098a6c","hash":"363b3bb6e373333a79819e93061c9a0ed121c07f"}
,"/Users/alexander/TABia/news_app/app/store/reducers/newsArr.js": {"path":"/Users/alexander/TABia/news_app/app/store/reducers/newsArr.js","statementMap":{"0":{"start":{"line":1,"column":13},"end":{"line":1,"column":75}},"1":{"start":{"line":1,"column":75},"end":{"line":1,"column":105}},"2":{"start":{"line":1,"column":105},"end":{"line":1,"column":149}},"3":{"start":{"line":1,"column":149},"end":{"line":1,"column":181}},"4":{"start":{"line":1,"column":181},"end":{"line":1,"column":207}},"5":{"start":{"line":1,"column":207},"end":{"line":1,"column":237}},"6":{"start":{"line":2,"column":2},"end":{"line":4,"column":17}},"7":{"start":{"line":8,"column":2},"end":{"line":10,"column":17}},"8":{"start":{"line":14,"column":2},"end":{"line":16,"column":19}},"9":{"start":{"line":20,"column":19},"end":{"line":20,"column":21}},"10":{"start":{"line":20,"column":22},"end":{"line":20,"column":58}},"11":{"start":{"line":22,"column":32},"end":{"line":22,"column":112}},"12":{"start":{"line":22,"column":126},"end":{"line":22,"column":173}},"13":{"start":{"line":23,"column":2},"end":{"line":42,"column":20}},"14":{"start":{"line":28,"column":8},"end":{"line":28,"column":27}},"15":{"start":{"line":31,"column":23},"end":{"line":31,"column":48}},"16":{"start":{"line":32,"column":8},"end":{"line":34,"column":9}},"17":{"start":{"line":33,"column":10},"end":{"line":33,"column":31}},"18":{"start":{"line":35,"column":8},"end":{"line":35,"column":24}},"19":{"start":{"line":40,"column":6},"end":{"line":40,"column":19}},"20":{"start":{"line":42,"column":6},"end":{"line":42,"column":19}}},"fnMap":{"0":{"name":"addNewsOK","decl":{"start":{"line":1,"column":246},"end":{"line":1,"column":255}},"loc":{"start":{"line":1,"column":262},"end":{"line":6,"column":1}},"line":1},"1":{"name":"unshiftFreshNews","decl":{"start":{"line":7,"column":9},"end":{"line":7,"column":25}},"loc":{"start":{"line":7,"column":32},"end":{"line":12,"column":1}},"line":7},"2":{"name":"addNewsERR","decl":{"start":{"line":13,"column":9},"end":{"line":13,"column":19}},"loc":{"start":{"line":13,"column":27},"end":{"line":18,"column":1}},"line":13},"3":{"name":"newsArr","decl":{"start":{"line":22,"column":9},"end":{"line":22,"column":16}},"loc":{"start":{"line":22,"column":19},"end":{"line":44,"column":1}},"line":22}},"branchMap":{"0":{"loc":{"start":{"line":22,"column":32},"end":{"line":22,"column":112}},"type":"cond-expr","locations":[{"start":{"line":22,"column":85},"end":{"line":22,"column":97}},{"start":{"line":22,"column":100},"end":{"line":22,"column":112}}],"line":22},"1":{"loc":{"start":{"line":22,"column":32},"end":{"line":22,"column":82}},"type":"binary-expr","locations":[{"start":{"line":22,"column":32},"end":{"line":22,"column":52}},{"start":{"line":22,"column":56},"end":{"line":22,"column":82}}],"line":22},"2":{"loc":{"start":{"line":22,"column":126},"end":{"line":22,"column":173}},"type":"cond-expr","locations":[{"start":{"line":22,"column":149},"end":{"line":22,"column":161}},{"start":{"line":22,"column":164},"end":{"line":22,"column":173}}],"line":22},"3":{"loc":{"start":{"line":23,"column":2},"end":{"line":42,"column":20}},"type":"switch","locations":[{"start":{"line":24,"column":4},"end":{"line":29,"column":7}},{"start":{"line":30,"column":4},"end":{"line":38,"column":7}},{"start":{"line":39,"column":4},"end":{"line":40,"column":19}},{"start":{"line":41,"column":4},"end":{"line":42,"column":19}}],"line":23},"4":{"loc":{"start":{"line":32,"column":8},"end":{"line":34,"column":9}},"type":"if","locations":[{"start":{"line":32,"column":8},"end":{"line":34,"column":9}},{"start":{"line":32,"column":8},"end":{"line":34,"column":9}}],"line":32}},"s":{"0":2,"1":2,"2":2,"3":2,"4":2,"5":2,"6":0,"7":0,"8":0,"9":2,"10":2,"11":7,"12":7,"13":7,"14":1,"15":1,"16":1,"17":0,"18":1,"19":1,"20":4},"f":{"0":0,"1":0,"2":0,"3":7},"b":{"0":[7,0],"1":[7,7],"2":[7,0],"3":[1,1,1,4],"4":[0,1]},"_coverageSchema":"332fd63041d2c1bcb487cc26dd0d5f7d97098a6c","hash":"f2fbbd9824aa21e37e9caa5bbe11722acbbd6f48"}
}
