TN:
SF:/Users/alexander/TABia/news_app/app/Components/Buttons/SubmitBTN.js
FN:6,SubmitBTN
FNF:1
FNH:1
FNDA:8,SubmitBTN
DA:1,3
DA:2,3
DA:4,3
DA:6,8
DA:20,3
LF:5
LH:5
BRF:0
BRH:0
end_of_record
TN:
SF:/Users/alexander/TABia/news_app/app/Components/Buttons/styles.js
FNF:0
FNH:0
DA:1,3
DA:3,3
DA:20,3
LF:3
LH:3
BRF:0
BRH:0
end_of_record
TN:
SF:/Users/alexander/TABia/news_app/app/Components/CheckBox/CheckBox.js
FN:4,(anonymous_0)
FN:5,CheckBox
FN:9,render
FNF:3
FNH:3
FNDA:1,(anonymous_0)
FNDA:3,CheckBox
FNDA:3,render
DA:1,1
DA:2,1
DA:4,1
DA:5,3
DA:6,3
DA:7,3
DA:9,1
DA:12,3
DA:13,3
DA:14,3
DA:30,1
LF:11
LH:11
BRDA:22,0,0,1
BRDA:22,0,1,2
BRF:2
BRH:2
end_of_record
TN:
SF:/Users/alexander/TABia/news_app/app/Components/NewsItem/NewsItem.js
FN:5,(anonymous_0)
FN:6,NewsItem
FN:9,render
FNF:3
FNH:3
FNDA:1,(anonymous_0)
FNDA:2,NewsItem
FNDA:2,render
DA:1,1
DA:2,1
DA:3,1
DA:5,1
DA:6,2
DA:7,2
DA:8,2
DA:9,1
DA:12,2
DA:28,1
LF:10
LH:10
BRDA:13,0,0,1
BRDA:13,0,1,1
BRF:2
BRH:2
end_of_record
TN:
SF:/Users/alexander/TABia/news_app/app/Components/NewsItem/styles.js
FNF:0
FNH:0
DA:1,1
DA:3,1
DA:28,1
LF:3
LH:3
BRF:0
BRH:0
end_of_record
TN:
SF:/Users/alexander/TABia/news_app/app/Screens/DetailedArticleSCR/DetailedArticleSCR.js
FN:9,(anonymous_0)
FN:10,DetailedArticleSCR
FN:14,render
FN:38,(anonymous_3)
FN:41,(anonymous_4)
FNF:5
FNH:3
FNDA:1,(anonymous_0)
FNDA:2,DetailedArticleSCR
FNDA:2,render
FNDA:0,(anonymous_3)
FNDA:0,(anonymous_4)
DA:1,1
DA:2,1
DA:3,1
DA:5,1
DA:7,1
DA:9,1
DA:10,2
DA:11,2
DA:12,2
DA:14,1
DA:16,2
DA:17,2
DA:18,2
DA:38,0
DA:41,0
DA:47,1
LF:16
LH:14
BRDA:33,0,0,2
BRDA:33,0,1,0
BRF:2
BRH:1
end_of_record
TN:
SF:/Users/alexander/TABia/news_app/app/Screens/DetailedArticleSCR/styles.js
FNF:0
FNH:0
DA:1,1
DA:3,1
DA:33,1
LF:3
LH:3
BRF:0
BRH:0
end_of_record
TN:
SF:/Users/alexander/TABia/news_app/app/Screens/WelcomeSCR/WelcomeSCR.js
FN:10,(anonymous_0)
FN:11,WelcomeSCR
FN:16,componentDidMount
FN:23,componentDidUpdate
FN:28,render
FN:95,(anonymous_5)
FNF:6
FNH:4
FNDA:1,(anonymous_0)
FNDA:3,WelcomeSCR
FNDA:3,componentDidMount
FNDA:0,componentDidUpdate
FNDA:3,render
FNDA:0,(anonymous_5)
DA:1,1
DA:2,1
DA:4,1
DA:6,1
DA:8,1
DA:10,1
DA:11,3
DA:12,3
DA:13,3
DA:14,3
DA:16,1
DA:21,3
DA:22,3
DA:27,0
DA:89,3
DA:90,3
DA:95,0
DA:98,1
LF:18
LH:16
BRF:0
BRH:0
end_of_record
TN:
SF:/Users/alexander/TABia/news_app/app/Screens/WelcomeSCR/styles.js
FNF:0
FNH:0
DA:1,1
DA:3,1
DA:20,1
LF:3
LH:3
BRF:0
BRH:0
end_of_record
TN:
SF:/Users/alexander/TABia/news_app/app/assets/checked.png
FNF:0
FNH:0
DA:1,1
LF:1
LH:1
BRF:0
BRH:0
end_of_record
TN:
SF:/Users/alexander/TABia/news_app/app/assets/unchecked.png
FNF:0
FNH:0
DA:1,1
LF:1
LH:1
BRF:0
BRH:0
end_of_record
TN:
SF:/Users/alexander/TABia/news_app/app/config/settings.js
FNF:0
FNH:0
DA:1,2
DA:2,2
DA:3,2
LF:3
LH:3
BRF:0
BRH:0
end_of_record
TN:
SF:/Users/alexander/TABia/news_app/app/store/reducers/activeArticle.js
FN:1,setArticle
FN:8,activeArticle
FNF:2
FNH:1
FNDA:0,setArticle
FNDA:3,activeArticle
DA:1,1
DA:2,0
DA:8,3
DA:9,3
DA:11,1
DA:14,1
DA:16,1
LF:7
LH:6
BRDA:8,0,0,3
BRDA:8,0,1,0
BRDA:8,1,0,3
BRDA:8,1,1,3
BRDA:8,2,0,3
BRDA:8,2,1,0
BRDA:9,3,0,1
BRDA:9,3,1,1
BRDA:9,3,2,1
BRF:9
BRH:7
end_of_record
TN:
SF:/Users/alexander/TABia/news_app/app/store/reducers/freshNewsArr.js
FN:1,addFreshNewsOK
FN:7,addFreshNewsERR
FN:12,resetFreshNews
FN:17,updateFreshNews
FN:24,freshNewsArr
FNF:5
FNH:1
FNDA:0,addFreshNewsOK
FNDA:0,addFreshNewsERR
FNDA:0,resetFreshNews
FNDA:0,updateFreshNews
FNDA:5,freshNewsArr
DA:1,1
DA:2,0
DA:8,0
DA:13,0
DA:18,0
DA:24,5
DA:25,5
DA:27,1
DA:30,1
DA:33,1
DA:35,1
DA:37,1
DA:39,1
LF:13
LH:9
BRDA:24,0,0,5
BRDA:24,0,1,0
BRDA:24,1,0,5
BRDA:24,1,1,5
BRDA:24,2,0,5
BRDA:24,2,1,0
BRDA:25,3,0,1
BRDA:25,3,1,1
BRDA:25,3,2,1
BRDA:25,3,3,1
BRDA:25,3,4,1
BRF:11
BRH:9
end_of_record
TN:
SF:/Users/alexander/TABia/news_app/app/store/reducers/newsArr.js
FN:1,addNewsOK
FN:7,unshiftFreshNews
FN:13,addNewsERR
FN:22,newsArr
FNF:4
FNH:1
FNDA:0,addNewsOK
FNDA:0,unshiftFreshNews
FNDA:0,addNewsERR
FNDA:7,newsArr
DA:1,2
DA:2,0
DA:8,0
DA:14,0
DA:20,2
DA:22,7
DA:23,7
DA:28,1
DA:31,1
DA:32,1
DA:33,0
DA:35,1
DA:40,1
DA:42,4
LF:14
LH:10
BRDA:22,0,0,7
BRDA:22,0,1,0
BRDA:22,1,0,7
BRDA:22,1,1,7
BRDA:22,2,0,7
BRDA:22,2,1,0
BRDA:23,3,0,1
BRDA:23,3,1,1
BRDA:23,3,2,1
BRDA:23,3,3,4
BRDA:32,4,0,0
BRDA:32,4,1,1
BRF:12
BRH:9
end_of_record
TN:
SF:/Users/alexander/TABia/news_app/app/store/sagas/api.js
FN:3,fetchNewsAPI
FN:5,(anonymous_1)
FNF:2
FNH:0
FNDA:0,fetchNewsAPI
FNDA:0,(anonymous_1)
DA:1,1
DA:4,0
DA:6,0
DA:8,0
LF:4
LH:1
BRF:0
BRH:0
end_of_record
TN:
SF:/Users/alexander/TABia/news_app/app/store/sagas/fetchNews.js
FN:5,fetchNews
FN:5,fetchNews$
FN:9,(anonymous_2)
FN:10,(anonymous_3)
FNF:4
FNH:2
FNDA:1,fetchNews
FNDA:2,fetchNews$
FNDA:0,(anonymous_2)
FNDA:0,(anonymous_3)
DA:1,1
DA:2,1
DA:3,1
DA:5,2
DA:7,1
DA:8,1
DA:9,0
DA:10,0
DA:11,0
DA:12,0
DA:14,0
DA:18,0
DA:19,0
DA:22,0
DA:23,0
DA:24,0
LF:16
LH:6
BRDA:5,0,0,1
BRDA:5,0,1,1
BRDA:5,0,2,0
BRDA:5,0,3,0
BRDA:5,0,4,0
BRDA:5,0,5,0
BRDA:5,0,6,0
BRDA:5,0,7,0
BRDA:5,0,8,0
BRDA:5,0,9,0
BRDA:5,0,10,0
BRDA:5,0,11,0
BRDA:5,0,12,0
BRDA:5,0,13,0
BRDA:5,0,14,0
BRDA:10,1,0,0
BRDA:10,1,1,0
BRF:17
BRH:2
end_of_record
TN:
SF:/Users/alexander/TABia/news_app/app/store/sagas/functions.js
FN:19,makeArticlesPure
FN:19,(anonymous_1)
FN:19,concatFreshNews
FN:19,concatFreshNews$
FN:20,(anonymous_4)
FN:22,(anonymous_5)
FN:22,(anonymous_6)
FN:34,(anonymous_7)
FN:40,extractAuthors
FN:43,(anonymous_9)
FNF:10
FNH:0
FNDA:0,makeArticlesPure
FNDA:0,(anonymous_1)
FNDA:0,concatFreshNews
FNDA:0,concatFreshNews$
FNDA:0,(anonymous_4)
FNDA:0,(anonymous_5)
FNDA:0,(anonymous_6)
FNDA:0,(anonymous_7)
FNDA:0,extractAuthors
FNDA:0,(anonymous_9)
DA:1,1
DA:19,0
DA:20,0
DA:21,0
DA:22,0
DA:23,0
DA:24,0
DA:25,0
DA:27,0
DA:29,0
DA:30,0
DA:31,0
DA:34,0
DA:35,0
DA:36,0
DA:41,0
DA:42,0
DA:43,0
DA:44,0
DA:46,0
LF:20
LH:1
BRDA:19,0,0,0
BRDA:19,0,1,0
BRDA:19,0,2,0
BRDA:19,0,3,0
BRDA:19,0,4,0
BRDA:19,0,5,0
BRDA:19,0,6,0
BRDA:23,1,0,0
BRDA:23,1,1,0
BRDA:29,2,0,0
BRDA:29,2,1,0
BRDA:44,3,0,0
BRDA:44,3,1,0
BRF:13
BRH:0
end_of_record
